2025-09-13 16:33:31.707 [background-preinit] INFO  o.h.validator.internal.util.Version - HV000001: Hibernate Validator 8.0.0.Final
2025-09-13 16:33:32.020 [main] INFO  c.v.v.VoipUserMgmtApiApplication - Starting VoipUserMgmtApiApplication using Java 17.0.11 with PID 14208 (C:\Users\uabaf\Documents\Projects\SpringBootProjects\voip-user-mgmt-api\voip-user-mgmt-api\target\classes started by uabaf in C:\Users\uabaf\Documents\Projects\SpringBootProjects\voip-user-mgmt-api\voip-user-mgmt-api)
2025-09-13 16:33:32.035 [main] DEBUG c.v.v.VoipUserMgmtApiApplication - Running with Spring Boot v3.5.4, Spring v6.2.9
2025-09-13 16:33:32.042 [main] INFO  c.v.v.VoipUserMgmtApiApplication - No active profile set, falling back to 1 default profile: "default"
2025-09-13 16:33:37.011 [main] INFO  o.s.d.r.c.RepositoryConfigurationDelegate - Bootstrapping Spring Data JPA repositories in DEFAULT mode.
2025-09-13 16:33:37.351 [main] INFO  o.s.d.r.c.RepositoryConfigurationDelegate - Finished Spring Data repository scanning in 240 ms. Found 1 JPA repository interface.
2025-09-13 16:33:42.049 [main] INFO  o.s.b.w.e.tomcat.TomcatWebServer - Tomcat initialized with port 8080 (http)
2025-09-13 16:33:42.211 [main] INFO  o.a.coyote.http11.Http11NioProtocol - Initializing ProtocolHandler ["http-nio-8080"]
2025-09-13 16:33:42.245 [main] INFO  o.a.catalina.core.StandardService - Starting service [Tomcat]
2025-09-13 16:33:42.246 [main] INFO  o.a.catalina.core.StandardEngine - Starting Servlet engine: [Apache Tomcat/10.1.43]
2025-09-13 16:33:43.138 [main] INFO  o.a.c.c.C.[Tomcat].[localhost].[/] - Initializing Spring embedded WebApplicationContext
2025-09-13 16:33:43.148 [main] INFO  o.s.b.w.s.c.ServletWebServerApplicationContext - Root WebApplicationContext: initialization completed in 10828 ms
2025-09-13 16:33:45.543 [main] INFO  o.h.jpa.internal.util.LogHelper - HHH000204: Processing PersistenceUnitInfo [name: default]
2025-09-13 16:33:46.404 [main] INFO  org.hibernate.Version - HHH000412: Hibernate ORM core version 6.6.22.Final
2025-09-13 16:33:47.016 [main] INFO  o.h.c.i.RegionFactoryInitiator - HHH000026: Second-level cache disabled
2025-09-13 16:33:48.194 [main] INFO  o.s.o.j.p.SpringPersistenceUnitInfo - No LoadTimeWeaver setup: ignoring JPA class transformer
2025-09-13 16:33:48.324 [main] INFO  com.zaxxer.hikari.HikariDataSource - HikariPool-1 - Starting...
2025-09-13 16:33:48.807 [main] INFO  com.zaxxer.hikari.pool.HikariPool - HikariPool-1 - Added connection org.postgresql.jdbc.PgConnection@10f20d38
2025-09-13 16:33:48.816 [main] INFO  com.zaxxer.hikari.HikariDataSource - HikariPool-1 - Start completed.
2025-09-13 16:33:48.975 [main] INFO  o.hibernate.orm.connections.pooling - HHH10001005: Database info:
	Database JDBC URL [Connecting through datasource 'HikariDataSource (HikariPool-1)']
	Database driver: undefined/unknown
	Database version: 16.10
	Autocommit mode: undefined/unknown
	Isolation level: undefined/unknown
	Minimum pool size: undefined/unknown
	Maximum pool size: undefined/unknown
2025-09-13 16:33:50.945 [main] INFO  o.h.e.t.j.p.i.JtaPlatformInitiator - HHH000489: No JTA platform available (set 'hibernate.transaction.jta.platform' to enable JTA platform integration)
2025-09-13 16:33:51.062 [main] INFO  o.s.o.j.LocalContainerEntityManagerFactoryBean - Initialized JPA EntityManagerFactory for persistence unit 'default'
2025-09-13 16:33:52.703 [main] DEBUG c.v.v.s.JwtAuthenticationFilter - Filter 'jwtAuthenticationFilter' configured for use
2025-09-13 16:33:53.022 [main] INFO  o.s.s.c.a.a.c.InitializeAuthenticationProviderBeanManagerConfigurer$InitializeAuthenticationProviderManagerConfigurer - Global AuthenticationManager configured with AuthenticationProvider bean with name authenticationProvider
2025-09-13 16:33:53.022 [main] WARN  o.s.s.c.a.a.c.InitializeUserDetailsBeanManagerConfigurer$InitializeUserDetailsManagerConfigurer - Global AuthenticationManager configured with an AuthenticationProvider bean. UserDetailsService beans will not be used by Spring Security for automatically configuring username/password login. Consider removing the AuthenticationProvider bean. Alternatively, consider using the UserDetailsService in a manually instantiated DaoAuthenticationProvider. If the current configuration is intentional, to turn off this warning, increase the logging level of 'org.springframework.security.config.annotation.authentication.configuration.InitializeUserDetailsBeanManagerConfigurer' to ERROR
2025-09-13 16:33:53.156 [main] INFO  c.v.v.services.UserValidationService - UserValidationService initialized with validator: LocalValidatorFactoryBean
2025-09-13 16:33:53.357 [main] INFO  c.v.v.services.UserService - UserService initialized with repository: $Proxy130 and validation service: UserValidationService
2025-09-13 16:33:53.565 [main] WARN  o.s.b.a.o.j.JpaBaseConfiguration$JpaWebConfiguration - spring.jpa.open-in-view is enabled by default. Therefore, database queries may be performed during view rendering. Explicitly configure spring.jpa.open-in-view to disable this warning
2025-09-13 16:33:59.040 [main] INFO  o.a.coyote.http11.Http11NioProtocol - Starting ProtocolHandler ["http-nio-8080"]
2025-09-13 16:33:59.259 [main] INFO  o.s.b.w.e.tomcat.TomcatWebServer - Tomcat started on port 8080 (http) with context path '/'
2025-09-13 16:33:59.302 [main] INFO  c.v.v.VoipUserMgmtApiApplication - Started VoipUserMgmtApiApplication in 29.421 seconds (process running for 30.675)
2025-09-13 16:34:06.240 [http-nio-8080-exec-2] INFO  o.a.c.c.C.[Tomcat].[localhost].[/] - Initializing Spring DispatcherServlet 'dispatcherServlet'
2025-09-13 16:34:06.241 [http-nio-8080-exec-2] INFO  o.s.web.servlet.DispatcherServlet - Initializing Servlet 'dispatcherServlet'
2025-09-13 16:34:06.242 [http-nio-8080-exec-2] INFO  o.s.web.servlet.DispatcherServlet - Completed initialization in 1 ms
2025-09-13 16:34:06.281 [http-nio-8080-exec-2] INFO  c.v.v.security.JwtUtils - Received token {{auth_token}}
2025-09-13 16:34:06.408 [http-nio-8080-exec-2] ERROR c.v.v.security.JwtUtils - STEP 7E: JWT token parsing error: Invalid compact JWT string: Compact JWSs must contain exactly 2 period characters, and compact JWEs must contain exactly 4.  Found: 0
2025-09-13 16:34:06.408 [http-nio-8080-exec-2] ERROR c.v.v.s.JwtAuthenticationFilter - STEP 8J: Error processing JWT token: Invalid compact JWT string: Compact JWSs must contain exactly 2 period characters, and compact JWEs must contain exactly 4.  Found: 0
2025-09-13 16:34:06.579 [http-nio-8080-exec-2] INFO  c.v.v.controller.AuthController - STEP 3: Login request received for user: testuser123
2025-09-13 16:34:06.580 [http-nio-8080-exec-2] DEBUG c.v.v.controller.AuthController - STEP 4: Created authentication token for user: testuser123
2025-09-13 16:34:06.690 [http-nio-8080-exec-2] DEBUG c.v.v.s.UserDetailsServiceImpl - STEP 6A: Loading user by username: testuser123
2025-09-13 16:34:06.968 [http-nio-8080-exec-2] DEBUG c.v.v.s.UserDetailsServiceImpl - STEP 6C: User found in database: testuser123
2025-09-13 16:34:06.970 [http-nio-8080-exec-2] DEBUG c.v.v.s.UserDetailsServiceImpl - STEP 6D: UserDetails created successfully for: testuser123
2025-09-13 16:34:07.078 [http-nio-8080-exec-2] DEBUG c.v.v.controller.AuthController - STEP 5: Authentication successful for user: testuser123
2025-09-13 16:34:07.134 [http-nio-8080-exec-2] INFO  c.v.v.controller.AuthController - STEP 7: JWT token generated successfully for user: testuser123
2025-09-13 19:19:52.601 [HikariPool-1:housekeeper] WARN  com.zaxxer.hikari.pool.PoolBase - HikariPool-1 - Failed to validate connection org.postgresql.jdbc.PgConnection@24c7409f (This connection has been closed.). Possibly consider using a shorter maxLifetime value.
2025-09-13 19:19:55.147 [SpringApplicationShutdownHook] INFO  o.s.b.w.e.tomcat.GracefulShutdown - Commencing graceful shutdown. Waiting for active requests to complete
2025-09-13 19:19:55.323 [tomcat-shutdown] INFO  o.s.b.w.e.tomcat.GracefulShutdown - Graceful shutdown complete
2025-09-13 19:19:55.323 [SpringApplicationShutdownHook] INFO  o.s.o.j.LocalContainerEntityManagerFactoryBean - Closing JPA EntityManagerFactory for persistence unit 'default'
2025-09-13 19:19:55.323 [SpringApplicationShutdownHook] INFO  com.zaxxer.hikari.HikariDataSource - HikariPool-1 - Shutdown initiated...
2025-09-13 19:19:57.615 [HikariPool-1:housekeeper] WARN  com.zaxxer.hikari.pool.PoolBase - HikariPool-1 - Failed to validate connection org.postgresql.jdbc.PgConnection@c890583 (This connection has been closed.). Possibly consider using a shorter maxLifetime value.
2025-09-13 19:20:02.642 [SpringApplicationShutdownHook] INFO  com.zaxxer.hikari.HikariDataSource - HikariPool-1 - Shutdown completed.
